Performing C SOURCE FILE Test CMAKE_HAVE_LIBC_PTHREAD failed with the following output:
Change Dir: /home/amy/projects/trimhat/build.windows/CMakeFiles/CMakeTmp

Run Build Command(s):/usr/bin/make cmTC_ab26a/fast && /usr/bin/make  -f CMakeFiles/cmTC_ab26a.dir/build.make CMakeFiles/cmTC_ab26a.dir/build
make[1]: Entering directory '/home/amy/projects/trimhat/build.windows/CMakeFiles/CMakeTmp'
Building C object CMakeFiles/cmTC_ab26a.dir/src.c.obj
/usr/bin/x86_64-w64-mingw32-gcc -DCMAKE_HAVE_LIBC_PTHREAD  -m64  -o CMakeFiles/cmTC_ab26a.dir/src.c.obj -c /home/amy/projects/trimhat/build.windows/CMakeFiles/CMakeTmp/src.c
Linking C executable cmTC_ab26a.exe
/usr/local/bin/cmake -E cmake_link_script CMakeFiles/cmTC_ab26a.dir/link.txt --verbose=1
/usr/local/bin/cmake -E rm -f CMakeFiles/cmTC_ab26a.dir/objects.a
/usr/bin/x86_64-w64-mingw32-ar cr CMakeFiles/cmTC_ab26a.dir/objects.a @CMakeFiles/cmTC_ab26a.dir/objects1.rsp
/usr/bin/x86_64-w64-mingw32-gcc -m64  -Wl,--whole-archive CMakeFiles/cmTC_ab26a.dir/objects.a -Wl,--no-whole-archive -o cmTC_ab26a.exe -Wl,--out-implib,libcmTC_ab26a.dll.a -Wl,--major-image-version,0,--minor-image-version,0 @CMakeFiles/cmTC_ab26a.dir/linklibs.rsp
CMakeFiles/cmTC_ab26a.dir/objects.a(src.c.obj):src.c:(.text+0x35): undefined reference to `pthread_create'
CMakeFiles/cmTC_ab26a.dir/objects.a(src.c.obj):src.c:(.text+0x41): undefined reference to `pthread_detach'
CMakeFiles/cmTC_ab26a.dir/objects.a(src.c.obj):src.c:(.text+0x4d): undefined reference to `pthread_cancel'
CMakeFiles/cmTC_ab26a.dir/objects.a(src.c.obj):src.c:(.text+0x5e): undefined reference to `pthread_join'
CMakeFiles/cmTC_ab26a.dir/objects.a(src.c.obj):src.c:(.text+0x68): undefined reference to `pthread_exit'
collect2: error: ld returned 1 exit status
CMakeFiles/cmTC_ab26a.dir/build.make:107: recipe for target 'cmTC_ab26a.exe' failed
make[1]: *** [cmTC_ab26a.exe] Error 1
make[1]: Leaving directory '/home/amy/projects/trimhat/build.windows/CMakeFiles/CMakeTmp'
Makefile:140: recipe for target 'cmTC_ab26a/fast' failed
make: *** [cmTC_ab26a/fast] Error 2


Source file was:
#include <pthread.h>

static void* test_func(void* data)
{
  return data;
}

int main(void)
{
  pthread_t thread;
  pthread_create(&thread, NULL, test_func, NULL);
  pthread_detach(thread);
  pthread_cancel(thread);
  pthread_join(thread, NULL);
  pthread_atfork(NULL, NULL, NULL);
  pthread_exit(NULL);

  return 0;
}

Determining if the function pthread_create exists in the pthreads failed with the following output:
Change Dir: /home/amy/projects/trimhat/build.windows/CMakeFiles/CMakeTmp

Run Build Command(s):/usr/bin/make cmTC_95ec0/fast && /usr/bin/make  -f CMakeFiles/cmTC_95ec0.dir/build.make CMakeFiles/cmTC_95ec0.dir/build
make[1]: Entering directory '/home/amy/projects/trimhat/build.windows/CMakeFiles/CMakeTmp'
Building C object CMakeFiles/cmTC_95ec0.dir/CheckFunctionExists.c.obj
/usr/bin/x86_64-w64-mingw32-gcc   -m64 -DCHECK_FUNCTION_EXISTS=pthread_create -o CMakeFiles/cmTC_95ec0.dir/CheckFunctionExists.c.obj -c /usr/local/share/cmake-3.19/Modules/CheckFunctionExists.c
Linking C executable cmTC_95ec0.exe
/usr/local/bin/cmake -E cmake_link_script CMakeFiles/cmTC_95ec0.dir/link.txt --verbose=1
/usr/local/bin/cmake -E rm -f CMakeFiles/cmTC_95ec0.dir/objects.a
/usr/bin/x86_64-w64-mingw32-ar cr CMakeFiles/cmTC_95ec0.dir/objects.a @CMakeFiles/cmTC_95ec0.dir/objects1.rsp
/usr/bin/x86_64-w64-mingw32-gcc -m64 -DCHECK_FUNCTION_EXISTS=pthread_create -Wl,--whole-archive CMakeFiles/cmTC_95ec0.dir/objects.a -Wl,--no-whole-archive -o cmTC_95ec0.exe -Wl,--out-implib,libcmTC_95ec0.dll.a -Wl,--major-image-version,0,--minor-image-version,0 @CMakeFiles/cmTC_95ec0.dir/linklibs.rsp
/usr/bin/x86_64-w64-mingw32-ld: cannot find -lpthreads
collect2: error: ld returned 1 exit status
CMakeFiles/cmTC_95ec0.dir/build.make:107: recipe for target 'cmTC_95ec0.exe' failed
make[1]: *** [cmTC_95ec0.exe] Error 1
make[1]: Leaving directory '/home/amy/projects/trimhat/build.windows/CMakeFiles/CMakeTmp'
Makefile:140: recipe for target 'cmTC_95ec0/fast' failed
make: *** [cmTC_95ec0/fast] Error 2



